<?xml version="1.0" encoding="UTF-8"?>
<!-- Generated by org.testng.reporters.JUnitReportReporter -->
<testsuite hostname="Lisandros-MacBook-Pro.local" failures="0" tests="1" name="tests.BasicTest" time="4.592" errors="0" timestamp="2022-02-02T17:14:18 CST" skipped="0">
  <testcase classname="tests.BasicTest" name="updateTest" time="4.592"/>
  <system-out/>
</testsuite> <!-- tests.BasicTest -->
