<?xml version="1.0" encoding="UTF-8"?>
<!-- Generated by org.testng.reporters.JUnitReportReporter -->
<testsuite hostname="Lisandros-MacBook-Pro.local" failures="0" tests="3" name="tests.DynamicJson" time="5.179" errors="0" timestamp="2022-01-26T15:36:20 CST" skipped="0">
  <testcase classname="tests.DynamicJson" name="addBook" time="3.555"/>
  <system-out/>
  <testcase classname="tests.DynamicJson" name="addBook" time="0.825"/>
  <system-out/>
  <testcase classname="tests.DynamicJson" name="addBook" time="0.799"/>
  <system-out/>
</testsuite> <!-- tests.DynamicJson -->
