<?xml version="1.0" encoding="UTF-8"?>
<!-- Generated by org.testng.reporters.JUnitReportReporter -->
<testsuite hostname="Lisandros-MacBook-Pro.local" failures="0" tests="3" name="tests.ComplexJson" time="2.217" errors="0" timestamp="14 Jan 2022 21:31:49 GMT" skipped="0">
  <testcase classname="tests.ComplexJson" name="sumValidation" time="0.156"/>
  <testcase classname="tests.ComplexJson" name="parseCopies" time="0.053"/>
  <testcase classname="tests.ComplexJson" name="ParseComplexJson" time="2.008"/>
</testsuite> <!-- tests.ComplexJson -->
