<?xml version="1.0" encoding="UTF-8"?>
<!-- Generated by org.testng.reporters.JUnitReportReporter -->
<testsuite hostname="Lisandros-MacBook-Pro.local" failures="0" tests="3" name="tests.BasicTest" time="15.569" errors="0" timestamp="2022-01-23T11:54:47 CST" skipped="0">
  <testcase classname="tests.BasicTest" name="getPlace" time="4.256"/>
  <system-out/>
  <testcase classname="tests.BasicTest" name="updateTest" time="4.778"/>
  <system-out/>
  <testcase classname="tests.BasicTest" name="firstTest" time="6.535"/>
  <system-out/>
</testsuite> <!-- tests.BasicTest -->
