<?xml version="1.0" encoding="UTF-8"?>
<!-- Generated by org.testng.reporters.JUnitReportReporter -->
<testsuite hostname="Lisandros-MacBook-Pro.local" failures="0" tests="3" name="tests.BasicTest" time="13.148" errors="0" timestamp="13 Jan 2022 20:52:19 GMT" skipped="0">
  <testcase classname="tests.BasicTest" name="updateTest" time="4.271"/>
  <testcase classname="tests.BasicTest" name="getPlace" time="3.821"/>
  <testcase classname="tests.BasicTest" name="firstTest" time="5.056"/>
</testsuite> <!-- tests.BasicTest -->
