<?xml version="1.0" encoding="UTF-8"?>
<!-- Generated by org.testng.reporters.JUnitReportReporter -->
<testsuite hostname="Lisandros-MacBook-Pro.local" failures="0" tests="1" name="tests.JDBC2" time="0.988" errors="0" timestamp="2023-02-27T17:32:55 CST" skipped="0">
  <testcase classname="tests.JDBC2" name="dataBaseTest" time="0.988"/>
  <system-out/>
</testsuite> <!-- tests.JDBC2 -->
