<?xml version="1.0" encoding="UTF-8"?>
<!-- Generated by org.testng.reporters.JUnitReportReporter -->
<testsuite hostname="Lisandros-MacBook-Pro.local" failures="0" tests="1" name="tests.JDBC" time="1.102" errors="0" timestamp="14 Jan 2022 16:12:35 GMT" skipped="0">
  <testcase classname="tests.JDBC" name="dataBaseTest" time="1.102"/>
</testsuite> <!-- tests.JDBC -->
