<?xml version="1.0" encoding="UTF-8"?>
<!-- Generated by org.testng.reporters.JUnitReportReporter -->
<testsuite hostname="Lisandros-MacBook-Pro.local" failures="0" tests="1" name="tests.JiraCookiesAuth" time="2.559" errors="0" timestamp="2022-01-22T21:39:32 CST" skipped="0">
  <testcase classname="tests.JiraCookiesAuth" name="jiraAuthentication" time="2.559"/>
  <system-out/>
</testsuite> <!-- tests.JiraCookiesAuth -->
