<?xml version="1.0" encoding="UTF-8"?>
<!-- Generated by org.testng.reporters.JUnitReportReporter -->
<testsuite hostname="Lisandros-MacBook-Pro.local" failures="0" tests="2" name="tests.BasicTest" time="10.000" errors="0" timestamp="2022-01-29T15:43:55 CST" skipped="0">
  <testcase classname="tests.BasicTest" name="postTest" time="5.591"/>
  <system-out/>
  <testcase classname="tests.BasicTest" name="updateTest" time="4.409"/>
  <system-out/>
</testsuite> <!-- tests.BasicTest -->
