<?xml version="1.0" encoding="UTF-8"?>
<!-- Generated by org.testng.reporters.JUnitReportReporter -->
<testsuite hostname="Lisandros-MacBook-Pro.local" failures="0" tests="1" name="tests.JDBC" time="0.689" errors="0" timestamp="2022-01-22T13:34:40 CST" skipped="0">
  <testcase classname="tests.JDBC" name="dataBaseTest" time="0.689"/>
  <system-out/>
</testsuite> <!-- tests.JDBC -->
