<?xml version="1.0" encoding="UTF-8"?>
<!-- Generated by org.testng.reporters.JUnitReportReporter -->
<testsuite hostname="Lisandros-MacBook-Pro.local" failures="0" tests="1" name="tests.JDBC3" time="0.906" errors="0" timestamp="2023-02-27T18:34:59 CST" skipped="0">
  <testcase classname="tests.JDBC3" name="dataBaseTest" time="0.906"/>
  <system-out/>
</testsuite> <!-- tests.JDBC3 -->
