<?xml version="1.0" encoding="UTF-8"?>
<!-- Generated by org.testng.reporters.JUnitReportReporter -->
<testsuite hostname="Lisandros-MacBook-Pro.local" failures="0" tests="2" name="tests.JDBC" time="0.872" errors="0" timestamp="2023-02-26T08:52:59 CST" skipped="0">
  <testcase classname="tests.JDBC" name="dataBaseTestOne" time="0.113"/>
  <system-out/>
  <testcase classname="tests.JDBC" name="dataBaseTest" time="0.759"/>
  <system-out/>
</testsuite> <!-- tests.JDBC -->
