<?xml version="1.0" encoding="UTF-8"?>
<!-- Generated by org.testng.reporters.JUnitReportReporter -->
<testsuite hostname="Lisandros-MacBook-Pro.local" failures="0" tests="1" name="tests.BuildRequestSpec" time="5.078" errors="0" timestamp="2022-01-28T14:21:02 CST" skipped="0">
  <testcase classname="tests.BuildRequestSpec" name="postTest" time="5.078"/>
  <system-out/>
</testsuite> <!-- tests.BuildRequestSpec -->
