<?xml version="1.0" encoding="UTF-8"?>
<!-- Generated by org.testng.reporters.JUnitReportReporter -->
<testsuite hostname="Lisandros-MacBook-Pro.local" failures="0" tests="3" name="tests.BasicTest" time="13.438" errors="0" timestamp="2022-01-21T15:16:59 CST" skipped="0">
  <testcase classname="tests.BasicTest" name="firstTest" time="5.124"/>
  <system-out/>
  <testcase classname="tests.BasicTest" name="getPlace" time="3.978"/>
  <system-out/>
  <testcase classname="tests.BasicTest" name="updateTest" time="4.336"/>
  <system-out/>
</testsuite> <!-- tests.BasicTest -->
