<?xml version="1.0" encoding="UTF-8"?>
<!-- Generated by org.testng.reporters.JUnitReportReporter -->
<testsuite hostname="Lisandros-MacBook-Pro.local" failures="0" tests="1" name="tests.BasicTest" time="1.571" errors="0" timestamp="2022-09-20T12:10:59 CDT" skipped="0">
  <testcase classname="tests.BasicTest" name="updateTest" time="1.571"/>
  <system-out/>
</testsuite> <!-- tests.BasicTest -->
