<?xml version="1.0" encoding="UTF-8"?>
<!-- Generated by org.testng.reporters.JUnitReportReporter -->
<testsuite hostname="Lisandros-MacBook-Pro.local" failures="0" tests="3" name="tests.DynamicJson" time="5.050" errors="0" timestamp="2022-01-21T16:40:28 CST" skipped="0">
  <testcase classname="tests.DynamicJson" name="addBook" time="3.527"/>
  <system-out/>
  <testcase classname="tests.DynamicJson" name="addBook" time="0.745"/>
  <system-out/>
  <testcase classname="tests.DynamicJson" name="addBook" time="0.778"/>
  <system-out/>
</testsuite> <!-- tests.DynamicJson -->
