<?xml version="1.0" encoding="UTF-8"?>
<!-- Generated by org.testng.reporters.JUnitReportReporter -->
<testsuite hostname="Lisandros-MacBook-Pro.local" failures="0" tests="1" name="tests.JiraCookiesAuth" time="3.390" errors="0" timestamp="2022-01-23T16:02:22 CST" skipped="0">
  <testcase classname="tests.JiraCookiesAuth" name="jiraAuthentication" time="3.390"/>
  <system-out/>
</testsuite> <!-- tests.JiraCookiesAuth -->
