<?xml version="1.0" encoding="UTF-8"?>
<!-- Generated by org.testng.reporters.JUnitReportReporter -->
<testsuite hostname="Lisandros-MacBook-Pro.local" failures="0" tests="1" name="tests.TestSerialized" time="4.569" errors="0" timestamp="2022-09-20T12:13:35 CDT" skipped="0">
  <testcase classname="tests.TestSerialized" name="serialized" time="4.569"/>
  <system-out/>
</testsuite> <!-- tests.TestSerialized -->
