<?xml version="1.0" encoding="UTF-8"?>
<!-- Generated by org.testng.reporters.JUnitReportReporter -->
<testsuite hostname="Lisandros-MacBook-Pro.local" failures="0" tests="1" name="tests.TestSerialized" time="5.955" errors="0" timestamp="2022-01-31T08:43:56 CST" skipped="0">
  <testcase classname="tests.TestSerialized" name="serialized" time="5.955"/>
  <system-out/>
</testsuite> <!-- tests.TestSerialized -->
