<?xml version="1.0" encoding="UTF-8"?>
<!-- Generated by org.testng.reporters.JUnitReportReporter -->
<testsuite hostname="Lisandros-MacBook-Pro.local" failures="0" tests="1" name="tests.BasicTest" time="13.716" errors="0" timestamp="2022-01-28T17:14:35 CST" skipped="0">
  <testcase classname="tests.BasicTest" name="postTest" time="13.716"/>
  <system-out/>
</testsuite> <!-- tests.BasicTest -->
